mode: set
ryanlawton.art/photospace/internal/api/auth/delivery/http/handler.go:14.48,18.2 1 1
ryanlawton.art/photospace/internal/api/auth/delivery/http/handler.go:25.42,28.40 2 1
ryanlawton.art/photospace/internal/api/auth/delivery/http/handler.go:28.40,31.3 2 0
ryanlawton.art/photospace/internal/api/auth/delivery/http/handler.go:33.2,33.90 1 1
ryanlawton.art/photospace/internal/api/auth/delivery/http/handler.go:33.90,36.3 2 0
ryanlawton.art/photospace/internal/api/auth/delivery/http/handler.go:38.2,38.25 1 1
ryanlawton.art/photospace/internal/api/auth/delivery/http/handler.go:45.42,48.40 2 1
ryanlawton.art/photospace/internal/api/auth/delivery/http/handler.go:48.40,51.3 2 0
ryanlawton.art/photospace/internal/api/auth/delivery/http/handler.go:53.2,54.16 2 1
ryanlawton.art/photospace/internal/api/auth/delivery/http/handler.go:54.16,55.34 1 0
ryanlawton.art/photospace/internal/api/auth/delivery/http/handler.go:55.34,58.4 2 0
ryanlawton.art/photospace/internal/api/auth/delivery/http/handler.go:60.3,61.9 2 0
ryanlawton.art/photospace/internal/api/auth/delivery/http/handler.go:64.2,64.53 1 1
ryanlawton.art/photospace/internal/api/auth/delivery/http/middleware.go:15.62,19.2 1 1
ryanlawton.art/photospace/internal/api/auth/delivery/http/middleware.go:21.49,23.22 2 1
ryanlawton.art/photospace/internal/api/auth/delivery/http/middleware.go:23.22,26.3 2 1
ryanlawton.art/photospace/internal/api/auth/delivery/http/middleware.go:28.2,29.27 2 1
ryanlawton.art/photospace/internal/api/auth/delivery/http/middleware.go:29.27,32.3 2 0
ryanlawton.art/photospace/internal/api/auth/delivery/http/middleware.go:34.2,34.32 1 1
ryanlawton.art/photospace/internal/api/auth/delivery/http/middleware.go:34.32,37.3 2 0
ryanlawton.art/photospace/internal/api/auth/delivery/http/middleware.go:39.2,40.16 2 1
ryanlawton.art/photospace/internal/api/auth/delivery/http/middleware.go:40.16,42.40 2 1
ryanlawton.art/photospace/internal/api/auth/delivery/http/middleware.go:42.40,44.4 1 1
ryanlawton.art/photospace/internal/api/auth/delivery/http/middleware.go:46.3,47.9 2 1
ryanlawton.art/photospace/internal/api/auth/delivery/http/middleware.go:50.2,50.30 1 1
ryanlawton.art/photospace/internal/api/auth/delivery/http/register.go:8.65,12.2 3 1
ryanlawton.art/photospace/internal/api/auth/delivery/http/register.go:12.2,15.3 2 1
ryanlawton.art/photospace/internal/api/photo/repository/mongo/photo.go:32.81,35.22 2 0
ryanlawton.art/photospace/internal/api/photo/repository/mongo/photo.go:35.22,37.3 1 0
ryanlawton.art/photospace/internal/api/photo/repository/mongo/photo.go:39.2,41.3 1 0
ryanlawton.art/photospace/internal/api/photo/repository/mongo/photo.go:45.103,49.16 3 0
ryanlawton.art/photospace/internal/api/photo/repository/mongo/photo.go:49.16,51.3 1 0
ryanlawton.art/photospace/internal/api/photo/repository/mongo/photo.go:53.2,55.55 2 0
ryanlawton.art/photospace/internal/api/photo/repository/mongo/photo.go:59.92,67.16 5 0
ryanlawton.art/photospace/internal/api/photo/repository/mongo/photo.go:67.16,70.3 2 0
ryanlawton.art/photospace/internal/api/photo/repository/mongo/photo.go:72.2,76.12 3 0
ryanlawton.art/photospace/internal/api/photo/repository/mongo/photo.go:80.103,84.16 3 0
ryanlawton.art/photospace/internal/api/photo/repository/mongo/photo.go:84.16,86.3 1 0
ryanlawton.art/photospace/internal/api/photo/repository/mongo/photo.go:88.2,92.20 3 0
ryanlawton.art/photospace/internal/api/photo/repository/mongo/photo.go:92.20,95.17 3 0
ryanlawton.art/photospace/internal/api/photo/repository/mongo/photo.go:95.17,98.4 2 0
ryanlawton.art/photospace/internal/api/photo/repository/mongo/photo.go:100.3,100.46 1 0
ryanlawton.art/photospace/internal/api/photo/repository/mongo/photo.go:103.2,103.22 1 0
ryanlawton.art/photospace/internal/api/photo/repository/mongo/photo.go:106.93,110.16 3 0
ryanlawton.art/photospace/internal/api/photo/repository/mongo/photo.go:110.16,112.3 1 0
ryanlawton.art/photospace/internal/api/photo/repository/mongo/photo.go:114.2,114.12 1 0
ryanlawton.art/photospace/internal/api/photo/repository/mongo/photo.go:117.55,129.2 4 0
ryanlawton.art/photospace/internal/api/photo/repository/mongo/photo.go:131.55,139.2 1 0
ryanlawton.art/photospace/internal/api/photo/usecase/mock.go:14.136,18.2 2 0
ryanlawton.art/photospace/internal/api/photo/usecase/mock.go:20.143,24.2 2 0
ryanlawton.art/photospace/internal/api/photo/usecase/mock.go:26.102,30.2 2 0
ryanlawton.art/photospace/internal/api/photo/usecase/mock.go:32.147,36.2 2 0
ryanlawton.art/photospace/internal/api/photo/usecase/mock.go:38.101,42.2 2 0
ryanlawton.art/photospace/internal/api/photo/usecase/usecase.go:17.110,22.2 1 0
ryanlawton.art/photospace/internal/api/photo/usecase/usecase.go:24.132,31.16 3 0
ryanlawton.art/photospace/internal/api/photo/usecase/usecase.go:31.16,33.3 1 0
ryanlawton.art/photospace/internal/api/photo/usecase/usecase.go:35.2,35.44 1 0
ryanlawton.art/photospace/internal/api/photo/usecase/usecase.go:38.139,44.59 2 0
ryanlawton.art/photospace/internal/api/photo/usecase/usecase.go:44.59,46.3 1 0
ryanlawton.art/photospace/internal/api/photo/usecase/usecase.go:47.2,48.16 2 0
ryanlawton.art/photospace/internal/api/photo/usecase/usecase.go:48.16,50.3 1 0
ryanlawton.art/photospace/internal/api/photo/usecase/usecase.go:52.2,52.22 1 0
ryanlawton.art/photospace/internal/api/photo/usecase/usecase.go:55.98,57.2 1 0
ryanlawton.art/photospace/internal/api/photo/usecase/usecase.go:59.143,65.59 2 0
ryanlawton.art/photospace/internal/api/photo/usecase/usecase.go:65.59,67.3 1 0
ryanlawton.art/photospace/internal/api/photo/usecase/usecase.go:68.2,69.16 2 0
ryanlawton.art/photospace/internal/api/photo/usecase/usecase.go:69.16,71.3 1 0
ryanlawton.art/photospace/internal/api/photo/usecase/usecase.go:74.2,76.22 2 0
ryanlawton.art/photospace/internal/api/photo/usecase/usecase.go:79.97,87.59 3 0
ryanlawton.art/photospace/internal/api/photo/usecase/usecase.go:87.59,89.3 1 0
ryanlawton.art/photospace/internal/api/photo/usecase/usecase.go:91.2,95.39 3 0
ryanlawton.art/photospace/internal/api/photo/usecase/usecase.go:95.39,97.3 1 0
ryanlawton.art/photospace/internal/api/photo/usecase/usecase.go:99.2,99.44 1 0
ryanlawton.art/photospace/internal/api/auth/repository/mock/user.go:14.84,18.2 2 0
ryanlawton.art/photospace/internal/api/auth/repository/mock/user.go:20.105,24.2 2 0
ryanlawton.art/photospace/internal/pkg/models/token.go:20.39,21.21 1 0
ryanlawton.art/photospace/internal/pkg/models/token.go:21.21,24.22 3 0
ryanlawton.art/photospace/internal/pkg/models/token.go:24.22,27.4 2 0
ryanlawton.art/photospace/internal/pkg/models/token.go:30.2,30.24 1 0
ryanlawton.art/photospace/internal/api/auth/repository/mongo/user.go:22.79,26.2 1 0
ryanlawton.art/photospace/internal/api/auth/repository/mongo/user.go:28.82,31.16 3 0
ryanlawton.art/photospace/internal/api/auth/repository/mongo/user.go:31.16,33.3 1 0
ryanlawton.art/photospace/internal/api/auth/repository/mongo/user.go:35.2,36.12 2 0
ryanlawton.art/photospace/internal/api/auth/repository/mongo/user.go:39.103,46.16 3 0
ryanlawton.art/photospace/internal/api/auth/repository/mongo/user.go:46.16,48.3 1 0
ryanlawton.art/photospace/internal/api/auth/repository/mongo/user.go:50.2,50.27 1 0
ryanlawton.art/photospace/internal/api/auth/repository/mongo/user.go:53.40,58.2 1 0
ryanlawton.art/photospace/internal/api/auth/repository/mongo/user.go:60.36,66.2 1 0
ryanlawton.art/photospace/config/init.go:7.19,12.2 3 0
ryanlawton.art/photospace/cmd/api/main.go:11.13,12.38 1 0
ryanlawton.art/photospace/cmd/api/main.go:12.38,14.3 1 0
ryanlawton.art/photospace/cmd/api/main.go:16.2,20.57 3 0
ryanlawton.art/photospace/cmd/api/main.go:20.57,22.3 1 0
ryanlawton.art/photospace/internal/pkg/logic/getPhotos.go:17.38,21.16 3 0
ryanlawton.art/photospace/internal/pkg/logic/getPhotos.go:21.16,23.3 1 0
ryanlawton.art/photospace/internal/pkg/logic/getPhotos.go:25.2,28.16 4 0
ryanlawton.art/photospace/internal/pkg/logic/getPhotos.go:28.16,30.3 1 0
ryanlawton.art/photospace/internal/pkg/logic/getPhotos.go:32.2,32.25 1 0
ryanlawton.art/photospace/internal/pkg/logic/getPhotos.go:33.21,36.17 3 0
ryanlawton.art/photospace/internal/pkg/logic/getPhotos.go:36.17,38.4 1 0
ryanlawton.art/photospace/internal/pkg/logic/getPhotos.go:39.3,42.32 3 0
ryanlawton.art/photospace/internal/pkg/logic/getPhotos.go:43.10,44.48 1 0
ryanlawton.art/photospace/internal/pkg/logic/getPhotos.go:52.42,56.16 4 0
ryanlawton.art/photospace/internal/pkg/logic/getPhotos.go:56.16,58.3 1 0
ryanlawton.art/photospace/internal/pkg/logic/getPhotos.go:60.2,63.16 4 0
ryanlawton.art/photospace/internal/pkg/logic/getPhotos.go:63.16,65.3 1 0
ryanlawton.art/photospace/internal/pkg/logic/getPhotos.go:67.2,67.25 1 0
ryanlawton.art/photospace/internal/pkg/logic/getPhotos.go:68.21,71.17 3 0
ryanlawton.art/photospace/internal/pkg/logic/getPhotos.go:71.17,73.4 1 0
ryanlawton.art/photospace/internal/pkg/logic/getPhotos.go:75.3,75.22 1 0
ryanlawton.art/photospace/internal/pkg/logic/getPhotos.go:76.10,77.48 1 0
ryanlawton.art/photospace/internal/pkg/logic/getPhotos.go:81.51,85.16 4 0
ryanlawton.art/photospace/internal/pkg/logic/getPhotos.go:85.16,87.3 1 0
ryanlawton.art/photospace/internal/pkg/logic/getPhotos.go:89.2,92.16 4 0
ryanlawton.art/photospace/internal/pkg/logic/getPhotos.go:92.16,94.3 1 0
ryanlawton.art/photospace/internal/pkg/logic/getPhotos.go:96.2,96.25 1 0
ryanlawton.art/photospace/internal/pkg/logic/getPhotos.go:97.21,100.17 3 0
ryanlawton.art/photospace/internal/pkg/logic/getPhotos.go:100.17,102.4 1 0
ryanlawton.art/photospace/internal/pkg/logic/getPhotos.go:104.3,104.22 1 0
ryanlawton.art/photospace/internal/pkg/logic/getPhotos.go:105.10,106.48 1 0
ryanlawton.art/photospace/internal/pkg/logic/postPhotos.go:17.53,23.16 5 0
ryanlawton.art/photospace/internal/pkg/logic/postPhotos.go:23.16,25.3 1 0
ryanlawton.art/photospace/internal/pkg/logic/postPhotos.go:27.2,31.16 4 0
ryanlawton.art/photospace/internal/pkg/logic/postPhotos.go:31.16,33.3 1 0
ryanlawton.art/photospace/internal/pkg/logic/postPhotos.go:35.2,39.16 5 0
ryanlawton.art/photospace/internal/pkg/logic/postPhotos.go:39.16,41.3 1 0
ryanlawton.art/photospace/internal/pkg/logic/postPhotos.go:43.2,43.25 1 0
ryanlawton.art/photospace/internal/pkg/logic/postPhotos.go:44.26,47.17 3 0
ryanlawton.art/photospace/internal/pkg/logic/postPhotos.go:47.17,49.4 1 0
ryanlawton.art/photospace/internal/pkg/logic/postPhotos.go:51.3,51.13 1 0
ryanlawton.art/photospace/internal/pkg/logic/postPhotos.go:52.10,53.43 1 0
ryanlawton.art/photospace/internal/pkg/logic/postSignin.go:26.44,29.16 3 0
ryanlawton.art/photospace/internal/pkg/logic/postSignin.go:29.16,31.3 1 0
ryanlawton.art/photospace/internal/pkg/logic/postSignin.go:33.2,33.25 1 0
ryanlawton.art/photospace/internal/pkg/logic/postSignin.go:34.21,38.17 4 0
ryanlawton.art/photospace/internal/pkg/logic/postSignin.go:38.17,40.4 1 0
ryanlawton.art/photospace/internal/pkg/logic/postSignin.go:41.3,45.19 4 0
ryanlawton.art/photospace/internal/pkg/logic/postSignin.go:46.10,47.43 1 0
ryanlawton.art/photospace/internal/api/server/server.go:35.20,54.2 5 0
ryanlawton.art/photospace/internal/api/server/server.go:56.38,91.12 12 0
ryanlawton.art/photospace/internal/api/server/server.go:91.12,92.55 1 0
ryanlawton.art/photospace/internal/api/server/server.go:92.55,94.4 1 0
ryanlawton.art/photospace/internal/api/server/server.go:97.2,105.35 6 0
ryanlawton.art/photospace/internal/api/server/server.go:108.31,115.16 5 0
ryanlawton.art/photospace/internal/api/server/server.go:115.16,117.3 1 0
ryanlawton.art/photospace/internal/api/server/server.go:119.2,120.16 2 0
ryanlawton.art/photospace/internal/api/server/server.go:120.16,122.3 1 0
ryanlawton.art/photospace/internal/api/server/server.go:124.2,124.55 1 0
ryanlawton.art/photospace/internal/api/photo/delivery/http/handler.go:24.49,28.2 1 1
ryanlawton.art/photospace/internal/api/photo/delivery/http/handler.go:30.42,32.16 2 1
ryanlawton.art/photospace/internal/api/photo/delivery/http/handler.go:32.16,35.3 2 0
ryanlawton.art/photospace/internal/api/photo/delivery/http/handler.go:36.2,43.16 5 1
ryanlawton.art/photospace/internal/api/photo/delivery/http/handler.go:43.16,47.3 3 0
ryanlawton.art/photospace/internal/api/photo/delivery/http/handler.go:49.2,50.16 2 1
ryanlawton.art/photospace/internal/api/photo/delivery/http/handler.go:50.16,54.3 3 0
ryanlawton.art/photospace/internal/api/photo/delivery/http/handler.go:56.2,56.83 1 1
ryanlawton.art/photospace/internal/api/photo/delivery/http/handler.go:63.41,65.40 2 1
ryanlawton.art/photospace/internal/api/photo/delivery/http/handler.go:65.40,68.3 2 0
ryanlawton.art/photospace/internal/api/photo/delivery/http/handler.go:70.2,74.16 3 1
ryanlawton.art/photospace/internal/api/photo/delivery/http/handler.go:74.16,76.53 1 0
ryanlawton.art/photospace/internal/api/photo/delivery/http/handler.go:76.53,79.4 2 0
ryanlawton.art/photospace/internal/api/photo/delivery/http/handler.go:80.3,81.9 2 0
ryanlawton.art/photospace/internal/api/photo/delivery/http/handler.go:84.2,87.57 3 1
ryanlawton.art/photospace/internal/api/photo/delivery/http/handler.go:90.50,92.46 2 0
ryanlawton.art/photospace/internal/api/photo/delivery/http/handler.go:92.46,95.20 2 0
ryanlawton.art/photospace/internal/api/photo/delivery/http/handler.go:95.20,98.4 2 0
ryanlawton.art/photospace/internal/api/photo/delivery/http/handler.go:100.3,101.12 2 0
ryanlawton.art/photospace/internal/api/photo/delivery/http/handler.go:104.2,108.16 3 0
ryanlawton.art/photospace/internal/api/photo/delivery/http/handler.go:108.16,110.53 1 0
ryanlawton.art/photospace/internal/api/photo/delivery/http/handler.go:110.53,113.4 2 0
ryanlawton.art/photospace/internal/api/photo/delivery/http/handler.go:114.3,115.9 2 0
ryanlawton.art/photospace/internal/api/photo/delivery/http/handler.go:118.2,121.57 3 0
ryanlawton.art/photospace/internal/api/photo/delivery/http/handler.go:124.47,128.16 3 0
ryanlawton.art/photospace/internal/api/photo/delivery/http/handler.go:128.16,131.3 2 0
ryanlawton.art/photospace/internal/api/photo/delivery/http/handler.go:133.2,133.48 1 0
ryanlawton.art/photospace/internal/api/photo/delivery/http/handler.go:136.42,138.40 2 0
ryanlawton.art/photospace/internal/api/photo/delivery/http/handler.go:138.40,141.3 2 0
ryanlawton.art/photospace/internal/api/photo/delivery/http/handler.go:143.2,146.16 3 0
ryanlawton.art/photospace/internal/api/photo/delivery/http/handler.go:146.16,148.53 1 0
ryanlawton.art/photospace/internal/api/photo/delivery/http/handler.go:148.53,151.4 2 0
ryanlawton.art/photospace/internal/api/photo/delivery/http/handler.go:152.3,153.9 2 0
ryanlawton.art/photospace/internal/api/photo/delivery/http/handler.go:156.2,156.71 1 0
ryanlawton.art/photospace/internal/api/photo/delivery/http/register.go:8.71,12.2 3 1
ryanlawton.art/photospace/internal/api/photo/delivery/http/register.go:12.2,18.3 5 1
ryanlawton.art/photospace/internal/api/photo/usecase/mock.go:14.136,18.2 2 1
ryanlawton.art/photospace/internal/api/photo/usecase/mock.go:20.143,24.2 2 1
ryanlawton.art/photospace/internal/api/photo/usecase/mock.go:26.102,30.2 2 0
ryanlawton.art/photospace/internal/api/photo/usecase/mock.go:32.147,36.2 2 0
ryanlawton.art/photospace/internal/api/photo/usecase/mock.go:38.101,42.2 2 0
ryanlawton.art/photospace/internal/api/photo/usecase/usecase.go:17.110,22.2 1 0
ryanlawton.art/photospace/internal/api/photo/usecase/usecase.go:24.132,31.16 3 0
ryanlawton.art/photospace/internal/api/photo/usecase/usecase.go:31.16,33.3 1 0
ryanlawton.art/photospace/internal/api/photo/usecase/usecase.go:35.2,35.44 1 0
ryanlawton.art/photospace/internal/api/photo/usecase/usecase.go:38.139,44.59 2 0
ryanlawton.art/photospace/internal/api/photo/usecase/usecase.go:44.59,46.3 1 0
ryanlawton.art/photospace/internal/api/photo/usecase/usecase.go:47.2,48.16 2 0
ryanlawton.art/photospace/internal/api/photo/usecase/usecase.go:48.16,50.3 1 0
ryanlawton.art/photospace/internal/api/photo/usecase/usecase.go:52.2,52.22 1 0
ryanlawton.art/photospace/internal/api/photo/usecase/usecase.go:55.98,57.2 1 0
ryanlawton.art/photospace/internal/api/photo/usecase/usecase.go:59.143,65.59 2 0
ryanlawton.art/photospace/internal/api/photo/usecase/usecase.go:65.59,67.3 1 0
ryanlawton.art/photospace/internal/api/photo/usecase/usecase.go:68.2,69.16 2 0
ryanlawton.art/photospace/internal/api/photo/usecase/usecase.go:69.16,71.3 1 0
ryanlawton.art/photospace/internal/api/photo/usecase/usecase.go:74.2,76.22 2 0
ryanlawton.art/photospace/internal/api/photo/usecase/usecase.go:79.97,87.59 3 0
ryanlawton.art/photospace/internal/api/photo/usecase/usecase.go:87.59,89.3 1 0
ryanlawton.art/photospace/internal/api/photo/usecase/usecase.go:91.2,95.39 3 0
ryanlawton.art/photospace/internal/api/photo/usecase/usecase.go:95.39,97.3 1 0
ryanlawton.art/photospace/internal/api/photo/usecase/usecase.go:99.2,99.44 1 0
