mode: set
ryanlawton.art/photospace/cmd/api/main.go:11.13,12.38 1 0
ryanlawton.art/photospace/cmd/api/main.go:12.38,14.3 1 0
ryanlawton.art/photospace/cmd/api/main.go:16.2,20.57 3 0
ryanlawton.art/photospace/cmd/api/main.go:20.57,22.3 1 0
ryanlawton.art/photospace/cmd/app/main.go:12.13,13.12 1 0
ryanlawton.art/photospace/cmd/app/main.go:13.12,20.3 6 0
ryanlawton.art/photospace/cmd/app/main.go:22.2,22.12 1 0
ryanlawton.art/photospace/config/init.go:7.19,12.2 3 0
ryanlawton.art/photospace/internal/api/auth/repository/mock/user.go:14.84,18.2 2 0
ryanlawton.art/photospace/internal/api/auth/repository/mock/user.go:20.105,24.2 2 0
ryanlawton.art/photospace/internal/api/auth/repository/mongo/user.go:22.79,26.2 1 0
ryanlawton.art/photospace/internal/api/auth/repository/mongo/user.go:28.82,31.16 3 0
ryanlawton.art/photospace/internal/api/auth/repository/mongo/user.go:31.16,33.3 1 0
ryanlawton.art/photospace/internal/api/auth/repository/mongo/user.go:35.2,36.12 2 0
ryanlawton.art/photospace/internal/api/auth/repository/mongo/user.go:39.103,46.16 3 0
ryanlawton.art/photospace/internal/api/auth/repository/mongo/user.go:46.16,48.3 1 0
ryanlawton.art/photospace/internal/api/auth/repository/mongo/user.go:50.2,50.27 1 0
ryanlawton.art/photospace/internal/api/auth/repository/mongo/user.go:53.40,58.2 1 0
ryanlawton.art/photospace/internal/api/auth/repository/mongo/user.go:60.36,66.2 1 0
ryanlawton.art/photospace/internal/api/photo/repository/bucket/photo.go:18.63,19.22 1 0
ryanlawton.art/photospace/internal/api/photo/repository/bucket/photo.go:19.22,21.3 1 0
ryanlawton.art/photospace/internal/api/photo/repository/bucket/photo.go:23.2,25.3 1 0
ryanlawton.art/photospace/internal/api/photo/repository/bucket/photo.go:29.124,36.16 4 0
ryanlawton.art/photospace/internal/api/photo/repository/bucket/photo.go:36.16,38.3 1 0
ryanlawton.art/photospace/internal/api/photo/repository/bucket/photo.go:40.2,42.74 2 0
ryanlawton.art/photospace/internal/api/photo/repository/bucket/photo.go:42.74,44.3 1 0
ryanlawton.art/photospace/internal/api/photo/repository/bucket/photo.go:46.2,48.12 2 0
ryanlawton.art/photospace/internal/api/photo/repository/bucket/photo.go:52.119,54.16 2 0
ryanlawton.art/photospace/internal/api/photo/repository/bucket/photo.go:54.16,57.3 2 0
ryanlawton.art/photospace/internal/api/photo/repository/bucket/photo.go:58.2,62.16 3 0
ryanlawton.art/photospace/internal/api/photo/repository/bucket/photo.go:62.16,65.3 2 0
ryanlawton.art/photospace/internal/api/photo/repository/bucket/photo.go:67.2,70.18 3 0
ryanlawton.art/photospace/internal/app/pages/factory.go:18.107,19.14 1 0
ryanlawton.art/photospace/internal/app/pages/factory.go:20.20,21.51 1 0
ryanlawton.art/photospace/internal/app/pages/factory.go:22.20,23.43 1 0
ryanlawton.art/photospace/internal/app/pages/factory.go:26.2,26.48 1 0
ryanlawton.art/photospace/internal/api/server/server.go:34.20,53.2 5 0
ryanlawton.art/photospace/internal/api/server/server.go:55.38,82.12 8 0
ryanlawton.art/photospace/internal/api/server/server.go:82.12,83.55 1 0
ryanlawton.art/photospace/internal/api/server/server.go:83.55,85.4 1 0
ryanlawton.art/photospace/internal/api/server/server.go:88.2,96.35 6 0
ryanlawton.art/photospace/internal/api/server/server.go:99.31,106.16 5 0
ryanlawton.art/photospace/internal/api/server/server.go:106.16,108.3 1 0
ryanlawton.art/photospace/internal/api/server/server.go:110.2,111.16 2 0
ryanlawton.art/photospace/internal/api/server/server.go:111.16,113.3 1 0
ryanlawton.art/photospace/internal/api/server/server.go:115.2,115.55 1 0
ryanlawton.art/photospace/internal/api/photo/repository/mongo/photo.go:30.81,33.22 2 0
ryanlawton.art/photospace/internal/api/photo/repository/mongo/photo.go:33.22,35.3 1 0
ryanlawton.art/photospace/internal/api/photo/repository/mongo/photo.go:37.2,39.3 1 0
ryanlawton.art/photospace/internal/api/photo/repository/mongo/photo.go:43.103,47.16 3 0
ryanlawton.art/photospace/internal/api/photo/repository/mongo/photo.go:47.16,49.3 1 0
ryanlawton.art/photospace/internal/api/photo/repository/mongo/photo.go:51.2,53.55 2 0
ryanlawton.art/photospace/internal/api/photo/repository/mongo/photo.go:57.92,61.16 3 0
ryanlawton.art/photospace/internal/api/photo/repository/mongo/photo.go:61.16,63.3 1 0
ryanlawton.art/photospace/internal/api/photo/repository/mongo/photo.go:65.2,69.20 3 0
ryanlawton.art/photospace/internal/api/photo/repository/mongo/photo.go:69.20,71.17 2 0
ryanlawton.art/photospace/internal/api/photo/repository/mongo/photo.go:71.17,74.4 2 0
ryanlawton.art/photospace/internal/api/photo/repository/mongo/photo.go:77.2,79.12 2 0
ryanlawton.art/photospace/internal/api/photo/repository/mongo/photo.go:83.103,87.16 3 0
ryanlawton.art/photospace/internal/api/photo/repository/mongo/photo.go:87.16,89.3 1 0
ryanlawton.art/photospace/internal/api/photo/repository/mongo/photo.go:91.2,95.20 3 0
ryanlawton.art/photospace/internal/api/photo/repository/mongo/photo.go:95.20,98.17 3 0
ryanlawton.art/photospace/internal/api/photo/repository/mongo/photo.go:98.17,101.4 2 0
ryanlawton.art/photospace/internal/api/photo/repository/mongo/photo.go:103.3,103.46 1 0
ryanlawton.art/photospace/internal/api/photo/repository/mongo/photo.go:106.2,106.22 1 0
ryanlawton.art/photospace/internal/api/photo/repository/mongo/photo.go:109.55,121.2 4 0
ryanlawton.art/photospace/internal/api/photo/repository/mongo/photo.go:123.55,131.2 1 0
ryanlawton.art/photospace/internal/api/photo/usecase/mock.go:14.136,18.2 2 0
ryanlawton.art/photospace/internal/api/photo/usecase/mock.go:20.143,24.2 2 0
ryanlawton.art/photospace/internal/api/photo/usecase/mock.go:26.102,30.2 2 0
ryanlawton.art/photospace/internal/api/photo/usecase/usecase.go:15.110,20.2 1 0
ryanlawton.art/photospace/internal/api/photo/usecase/usecase.go:22.132,29.16 3 0
ryanlawton.art/photospace/internal/api/photo/usecase/usecase.go:29.16,31.3 1 0
ryanlawton.art/photospace/internal/api/photo/usecase/usecase.go:33.2,33.44 1 0
ryanlawton.art/photospace/internal/api/photo/usecase/usecase.go:36.139,42.59 2 0
ryanlawton.art/photospace/internal/api/photo/usecase/usecase.go:42.59,44.3 1 0
ryanlawton.art/photospace/internal/api/photo/usecase/usecase.go:45.2,46.16 2 0
ryanlawton.art/photospace/internal/api/photo/usecase/usecase.go:46.16,48.3 1 0
ryanlawton.art/photospace/internal/api/photo/usecase/usecase.go:50.2,50.22 1 0
ryanlawton.art/photospace/internal/api/photo/usecase/usecase.go:53.98,55.2 1 0
ryanlawton.art/photospace/internal/app/models/user/user.go:20.37,21.21 1 0
ryanlawton.art/photospace/internal/app/models/user/user.go:21.21,24.22 3 0
ryanlawton.art/photospace/internal/app/models/user/user.go:24.22,27.4 2 0
ryanlawton.art/photospace/internal/app/models/user/user.go:30.2,30.24 1 0
ryanlawton.art/photospace/internal/app/pages/login/page.go:43.72,54.2 4 0
ryanlawton.art/photospace/internal/app/pages/login/page.go:56.47,57.44 1 0
ryanlawton.art/photospace/internal/app/pages/login/page.go:57.44,62.3 1 0
ryanlawton.art/photospace/internal/app/pages/login/page.go:65.54,68.12 3 0
ryanlawton.art/photospace/internal/app/pages/login/page.go:68.12,69.45 1 0
ryanlawton.art/photospace/internal/app/pages/login/page.go:69.45,73.18 3 0
ryanlawton.art/photospace/internal/app/pages/login/page.go:73.18,75.5 1 0
ryanlawton.art/photospace/internal/app/pages/login/page.go:75.10,75.22 1 0
ryanlawton.art/photospace/internal/app/pages/login/page.go:75.22,77.5 1 0
ryanlawton.art/photospace/internal/app/pages/login/page.go:79.4,79.26 1 0
ryanlawton.art/photospace/internal/app/pages/login/page.go:83.2,83.12 1 0
ryanlawton.art/photospace/internal/app/pages/login/page.go:83.12,84.44 1 0
ryanlawton.art/photospace/internal/app/pages/login/page.go:84.44,86.4 1 0
ryanlawton.art/photospace/internal/app/pages/login/page.go:91.62,95.49 3 0
ryanlawton.art/photospace/internal/app/pages/login/page.go:95.49,104.42 1 0
ryanlawton.art/photospace/internal/app/pages/login/page.go:104.42,112.6 1 0
ryanlawton.art/photospace/internal/app/pages/login/page.go:135.42,146.35 2 0
ryanlawton.art/photospace/internal/app/pages/login/page.go:146.35,159.8 11 0
ryanlawton.art/photospace/internal/app/pages/login/page.go:170.3,170.14 1 0
ryanlawton.art/photospace/internal/app/router/router.go:20.67,31.2 5 0
ryanlawton.art/photospace/internal/app/router/router.go:33.30,39.6 5 0
ryanlawton.art/photospace/internal/app/router/router.go:39.6,40.44 1 0
ryanlawton.art/photospace/internal/app/router/router.go:41.23,45.20 3 0
ryanlawton.art/photospace/internal/app/router/router.go:50.31,51.12 1 0
ryanlawton.art/photospace/internal/app/router/router.go:51.12,52.40 1 0
ryanlawton.art/photospace/internal/app/router/router.go:52.40,57.4 4 0
ryanlawton.art/photospace/internal/app/pages/snake/page.go:68.52,70.23 2 0
ryanlawton.art/photospace/internal/app/pages/snake/page.go:70.23,72.3 1 0
ryanlawton.art/photospace/internal/app/pages/snake/page.go:73.2,84.3 2 0
ryanlawton.art/photospace/internal/app/pages/snake/page.go:88.64,89.45 1 0
ryanlawton.art/photospace/internal/app/pages/snake/page.go:89.45,91.3 1 0
ryanlawton.art/photospace/internal/app/pages/snake/page.go:93.2,93.46 1 0
ryanlawton.art/photospace/internal/app/pages/snake/page.go:93.46,95.3 1 0
ryanlawton.art/photospace/internal/app/pages/snake/page.go:97.2,124.32 6 0
ryanlawton.art/photospace/internal/app/pages/snake/page.go:124.32,125.24 1 0
ryanlawton.art/photospace/internal/app/pages/snake/page.go:125.24,132.6 1 0
ryanlawton.art/photospace/internal/app/pages/snake/page.go:134.5,134.31 1 0
ryanlawton.art/photospace/internal/app/pages/snake/page.go:138.41,149.34 2 0
ryanlawton.art/photospace/internal/app/pages/snake/page.go:149.34,152.7 2 0
ryanlawton.art/photospace/internal/app/pages/snake/page.go:157.32,169.34 2 0
ryanlawton.art/photospace/internal/app/pages/snake/page.go:169.34,170.27 1 0
ryanlawton.art/photospace/internal/app/pages/snake/page.go:170.27,171.36 1 0
ryanlawton.art/photospace/internal/app/pages/snake/page.go:171.36,172.40 1 0
ryanlawton.art/photospace/internal/app/pages/snake/page.go:172.40,183.10 2 0
ryanlawton.art/photospace/internal/app/pages/snake/page.go:186.8,187.41 2 0
ryanlawton.art/photospace/internal/app/pages/snake/page.go:190.7,190.33 1 0
ryanlawton.art/photospace/internal/app/pages/snake/page.go:197.41,208.34 2 0
ryanlawton.art/photospace/internal/app/pages/snake/page.go:208.34,210.29 2 0
ryanlawton.art/photospace/internal/app/pages/snake/page.go:210.29,212.8 1 0
ryanlawton.art/photospace/internal/app/pages/snake/page.go:213.7,214.29 2 0
ryanlawton.art/photospace/internal/app/pages/snake/page.go:227.2,234.20 4 0
ryanlawton.art/photospace/internal/app/pages/snake/page.go:237.56,238.12 1 0
ryanlawton.art/photospace/internal/app/pages/snake/page.go:238.12,239.7 1 0
ryanlawton.art/photospace/internal/app/pages/snake/page.go:239.7,240.26 1 0
ryanlawton.art/photospace/internal/app/pages/snake/page.go:240.26,245.5 4 0
ryanlawton.art/photospace/internal/app/pages/snake/page.go:250.66,251.9 1 0
ryanlawton.art/photospace/internal/app/pages/snake/page.go:251.9,253.3 1 0
ryanlawton.art/photospace/internal/app/pages/snake/page.go:254.2,254.62 1 0
ryanlawton.art/photospace/internal/app/pages/snake/page.go:257.52,259.19 2 0
ryanlawton.art/photospace/internal/app/pages/snake/page.go:260.10,261.18 1 0
ryanlawton.art/photospace/internal/app/pages/snake/page.go:262.12,263.18 1 0
ryanlawton.art/photospace/internal/app/pages/snake/page.go:264.12,265.18 1 0
ryanlawton.art/photospace/internal/app/pages/snake/page.go:266.13,267.18 1 0
ryanlawton.art/photospace/internal/app/pages/snake/page.go:270.2,274.40 1 0
ryanlawton.art/photospace/internal/app/pages/snake/page.go:274.40,277.3 2 0
ryanlawton.art/photospace/internal/app/pages/snake/page.go:279.2,284.28 4 0
ryanlawton.art/photospace/internal/app/pages/snake/page.go:284.28,288.3 3 0
ryanlawton.art/photospace/internal/app/pages/snake/page.go:290.2,291.20 2 0
ryanlawton.art/photospace/internal/app/pages/snake/page.go:294.34,295.51 1 0
ryanlawton.art/photospace/internal/app/pages/snake/page.go:295.51,297.3 1 0
ryanlawton.art/photospace/internal/app/pages/snake/page.go:300.36,302.2 1 0
ryanlawton.art/photospace/internal/app/pages/snake/page.go:304.44,305.24 1 0
ryanlawton.art/photospace/internal/app/pages/snake/page.go:305.24,310.3 1 0
ryanlawton.art/photospace/internal/app/pages/snake/page.go:312.2,312.34 1 0
ryanlawton.art/photospace/internal/app/pages/snake/page.go:312.34,317.3 1 0
ryanlawton.art/photospace/internal/app/pages/snake/page.go:319.2,322.3 1 0
ryanlawton.art/photospace/internal/pkg/widgets/error/error.go:29.58,33.2 1 0
ryanlawton.art/photospace/internal/pkg/widgets/error/error.go:35.53,37.2 1 0
ryanlawton.art/photospace/internal/pkg/widgets/error/error.go:39.72,43.64 4 0
ryanlawton.art/photospace/internal/pkg/widgets/error/error.go:43.64,45.3 1 0
ryanlawton.art/photospace/internal/pkg/widgets/error/error.go:46.2,51.20 2 0
ryanlawton.art/photospace/internal/pkg/widgets/error/error.go:54.47,55.12 1 0
ryanlawton.art/photospace/internal/pkg/widgets/error/error.go:55.12,57.7 1 0
ryanlawton.art/photospace/internal/pkg/widgets/error/error.go:57.7,59.96 2 0
ryanlawton.art/photospace/internal/pkg/widgets/error/error.go:59.96,62.5 2 0
ryanlawton.art/photospace/internal/pkg/widgets/error/error.go:63.4,65.27 3 0
ryanlawton.art/photospace/internal/pkg/widgets/error/error.go:70.53,74.44 4 0
ryanlawton.art/photospace/internal/pkg/widgets/error/error.go:74.44,76.3 1 0
ryanlawton.art/photospace/internal/pkg/widgets/error/error.go:78.2,78.16 1 0
ryanlawton.art/photospace/internal/pkg/widgets/error/error.go:81.111,82.46 1 0
ryanlawton.art/photospace/internal/pkg/widgets/error/error.go:82.46,84.48 2 0
ryanlawton.art/photospace/internal/pkg/widgets/error/error.go:84.48,93.4 2 0
ryanlawton.art/photospace/internal/pkg/widgets/error/error.go:94.3,94.11 1 0
ryanlawton.art/photospace/internal/pkg/widgets/shapes/basicsShapes.go:26.60,28.21 2 0
ryanlawton.art/photospace/internal/pkg/widgets/shapes/basicsShapes.go:28.21,35.3 1 0
ryanlawton.art/photospace/internal/pkg/widgets/shapes/basicsShapes.go:35.8,37.3 1 0
ryanlawton.art/photospace/internal/pkg/widgets/shapes/basicsShapes.go:39.2,41.17 2 0
ryanlawton.art/photospace/internal/pkg/widgets/shapes/basicsShapes.go:44.59,46.21 2 0
ryanlawton.art/photospace/internal/pkg/widgets/shapes/basicsShapes.go:46.21,53.3 1 0
ryanlawton.art/photospace/internal/pkg/widgets/shapes/basicsShapes.go:53.8,55.3 1 0
ryanlawton.art/photospace/internal/pkg/widgets/shapes/basicsShapes.go:57.2,59.17 2 0
ryanlawton.art/photospace/internal/pkg/widgets/shapes/shapes.go:32.73,35.2 2 0
ryanlawton.art/photospace/internal/pkg/widgets/shapes/shapes.go:37.63,43.19 4 0
ryanlawton.art/photospace/internal/pkg/widgets/shapes/shapes.go:43.19,56.3 10 0
ryanlawton.art/photospace/internal/pkg/widgets/shapes/shapes.go:59.2,69.15 6 0
ryanlawton.art/photospace/internal/pkg/widgets/shapes/shapes.go:72.62,80.2 1 0
ryanlawton.art/photospace/internal/pkg/widgets/shapes/shapes.go:82.64,90.2 1 0
ryanlawton.art/photospace/internal/pkg/widgets/shapes/shapes.go:92.85,118.19 9 0
ryanlawton.art/photospace/internal/pkg/widgets/shapes/shapes.go:118.19,120.3 1 0
ryanlawton.art/photospace/internal/pkg/widgets/shapes/shapes.go:122.2,122.15 1 0
ryanlawton.art/photospace/internal/pkg/widgets/shapes/userInput.go:15.70,16.52 1 0
ryanlawton.art/photospace/internal/pkg/widgets/shapes/userInput.go:16.52,38.20 10 0
ryanlawton.art/photospace/internal/pkg/widgets/shapes/userInput.go:38.20,53.61 4 0
ryanlawton.art/photospace/internal/pkg/widgets/shapes/userInput.go:53.61,60.5 1 0
ryanlawton.art/photospace/internal/pkg/widgets/shapes/userInput.go:61.4,62.61 2 0
ryanlawton.art/photospace/internal/pkg/widgets/shapes/userInput.go:65.3,73.18 3 0
ryanlawton.art/photospace/internal/pkg/logic/postSignin.go:26.44,29.16 3 0
ryanlawton.art/photospace/internal/pkg/logic/postSignin.go:29.16,31.3 1 0
ryanlawton.art/photospace/internal/pkg/logic/postSignin.go:33.2,33.25 1 0
ryanlawton.art/photospace/internal/pkg/logic/postSignin.go:34.21,38.17 4 0
ryanlawton.art/photospace/internal/pkg/logic/postSignin.go:38.17,40.4 1 0
ryanlawton.art/photospace/internal/pkg/logic/postSignin.go:41.3,45.19 4 0
ryanlawton.art/photospace/internal/pkg/logic/postSignin.go:46.10,47.43 1 0
ryanlawton.art/photospace/internal/api/auth/delivery/http/handler.go:14.48,18.2 1 1
ryanlawton.art/photospace/internal/api/auth/delivery/http/handler.go:25.42,28.40 2 1
ryanlawton.art/photospace/internal/api/auth/delivery/http/handler.go:28.40,31.3 2 0
ryanlawton.art/photospace/internal/api/auth/delivery/http/handler.go:33.2,33.90 1 1
ryanlawton.art/photospace/internal/api/auth/delivery/http/handler.go:33.90,36.3 2 0
ryanlawton.art/photospace/internal/api/auth/delivery/http/handler.go:38.2,38.25 1 1
ryanlawton.art/photospace/internal/api/auth/delivery/http/handler.go:45.42,48.40 2 1
ryanlawton.art/photospace/internal/api/auth/delivery/http/handler.go:48.40,51.3 2 0
ryanlawton.art/photospace/internal/api/auth/delivery/http/handler.go:53.2,54.16 2 1
ryanlawton.art/photospace/internal/api/auth/delivery/http/handler.go:54.16,55.34 1 0
ryanlawton.art/photospace/internal/api/auth/delivery/http/handler.go:55.34,58.4 2 0
ryanlawton.art/photospace/internal/api/auth/delivery/http/handler.go:60.3,61.9 2 0
ryanlawton.art/photospace/internal/api/auth/delivery/http/handler.go:64.2,64.53 1 1
ryanlawton.art/photospace/internal/api/auth/delivery/http/middleware.go:15.62,19.2 1 1
ryanlawton.art/photospace/internal/api/auth/delivery/http/middleware.go:21.49,23.22 2 1
ryanlawton.art/photospace/internal/api/auth/delivery/http/middleware.go:23.22,26.3 2 1
ryanlawton.art/photospace/internal/api/auth/delivery/http/middleware.go:28.2,29.27 2 1
ryanlawton.art/photospace/internal/api/auth/delivery/http/middleware.go:29.27,32.3 2 0
ryanlawton.art/photospace/internal/api/auth/delivery/http/middleware.go:34.2,34.32 1 1
ryanlawton.art/photospace/internal/api/auth/delivery/http/middleware.go:34.32,37.3 2 0
ryanlawton.art/photospace/internal/api/auth/delivery/http/middleware.go:39.2,40.16 2 1
ryanlawton.art/photospace/internal/api/auth/delivery/http/middleware.go:40.16,42.40 2 1
ryanlawton.art/photospace/internal/api/auth/delivery/http/middleware.go:42.40,44.4 1 1
ryanlawton.art/photospace/internal/api/auth/delivery/http/middleware.go:46.3,47.9 2 1
ryanlawton.art/photospace/internal/api/auth/delivery/http/middleware.go:50.2,50.30 1 1
ryanlawton.art/photospace/internal/api/auth/delivery/http/register.go:8.65,12.2 3 1
ryanlawton.art/photospace/internal/api/auth/delivery/http/register.go:12.2,15.3 2 1
ryanlawton.art/photospace/internal/api/auth/repository/mock/user.go:14.84,18.2 2 1
ryanlawton.art/photospace/internal/api/auth/repository/mock/user.go:20.105,24.2 2 1
ryanlawton.art/photospace/internal/api/auth/usecase/mock.go:14.88,18.2 2 0
ryanlawton.art/photospace/internal/api/auth/usecase/mock.go:20.98,24.2 2 0
ryanlawton.art/photospace/internal/api/auth/usecase/mock.go:26.101,30.2 2 0
ryanlawton.art/photospace/internal/api/auth/usecase/usecase.go:31.46,38.2 1 1
ryanlawton.art/photospace/internal/api/auth/usecase/usecase.go:40.84,51.2 5 1
ryanlawton.art/photospace/internal/api/auth/usecase/usecase.go:53.94,60.16 6 1
ryanlawton.art/photospace/internal/api/auth/usecase/usecase.go:60.16,62.3 1 0
ryanlawton.art/photospace/internal/api/auth/usecase/usecase.go:64.2,73.41 3 1
ryanlawton.art/photospace/internal/api/auth/usecase/usecase.go:76.97,77.108 1 1
ryanlawton.art/photospace/internal/api/auth/usecase/usecase.go:77.108,78.58 1 1
ryanlawton.art/photospace/internal/api/auth/usecase/usecase.go:78.58,80.4 1 0
ryanlawton.art/photospace/internal/api/auth/usecase/usecase.go:81.3,81.27 1 1
ryanlawton.art/photospace/internal/api/auth/usecase/usecase.go:84.2,84.16 1 1
ryanlawton.art/photospace/internal/api/auth/usecase/usecase.go:84.16,86.3 1 0
ryanlawton.art/photospace/internal/api/auth/usecase/usecase.go:88.2,88.65 1 1
ryanlawton.art/photospace/internal/api/auth/usecase/usecase.go:88.65,90.3 1 1
ryanlawton.art/photospace/internal/api/auth/usecase/usecase.go:92.2,92.40 1 0
ryanlawton.art/photospace/internal/api/photo/delivery/http/handler.go:24.49,28.2 1 1
ryanlawton.art/photospace/internal/api/photo/delivery/http/handler.go:30.42,32.16 2 1
ryanlawton.art/photospace/internal/api/photo/delivery/http/handler.go:32.16,35.3 2 0
ryanlawton.art/photospace/internal/api/photo/delivery/http/handler.go:36.2,43.16 5 1
ryanlawton.art/photospace/internal/api/photo/delivery/http/handler.go:43.16,47.3 3 0
ryanlawton.art/photospace/internal/api/photo/delivery/http/handler.go:49.2,50.16 2 1
ryanlawton.art/photospace/internal/api/photo/delivery/http/handler.go:50.16,54.3 3 0
ryanlawton.art/photospace/internal/api/photo/delivery/http/handler.go:56.2,56.83 1 1
ryanlawton.art/photospace/internal/api/photo/delivery/http/handler.go:63.41,65.40 2 1
ryanlawton.art/photospace/internal/api/photo/delivery/http/handler.go:65.40,68.3 2 0
ryanlawton.art/photospace/internal/api/photo/delivery/http/handler.go:70.2,74.16 3 1
ryanlawton.art/photospace/internal/api/photo/delivery/http/handler.go:74.16,77.3 2 0
ryanlawton.art/photospace/internal/api/photo/delivery/http/handler.go:79.2,82.57 3 1
ryanlawton.art/photospace/internal/api/photo/delivery/http/handler.go:85.47,89.16 3 0
ryanlawton.art/photospace/internal/api/photo/delivery/http/handler.go:89.16,92.3 2 0
ryanlawton.art/photospace/internal/api/photo/delivery/http/handler.go:94.2,94.48 1 0
ryanlawton.art/photospace/internal/api/photo/delivery/http/register.go:8.71,12.2 3 1
ryanlawton.art/photospace/internal/api/photo/delivery/http/register.go:12.2,17.3 3 1
ryanlawton.art/photospace/internal/api/photo/usecase/mock.go:14.136,18.2 2 1
ryanlawton.art/photospace/internal/api/photo/usecase/mock.go:20.143,24.2 2 1
ryanlawton.art/photospace/internal/api/photo/usecase/mock.go:26.102,30.2 2 0
ryanlawton.art/photospace/internal/api/photo/usecase/usecase.go:15.110,20.2 1 0
ryanlawton.art/photospace/internal/api/photo/usecase/usecase.go:22.132,29.16 3 0
ryanlawton.art/photospace/internal/api/photo/usecase/usecase.go:29.16,31.3 1 0
ryanlawton.art/photospace/internal/api/photo/usecase/usecase.go:33.2,33.44 1 0
ryanlawton.art/photospace/internal/api/photo/usecase/usecase.go:36.139,42.59 2 0
ryanlawton.art/photospace/internal/api/photo/usecase/usecase.go:42.59,44.3 1 0
ryanlawton.art/photospace/internal/api/photo/usecase/usecase.go:45.2,46.16 2 0
ryanlawton.art/photospace/internal/api/photo/usecase/usecase.go:46.16,48.3 1 0
ryanlawton.art/photospace/internal/api/photo/usecase/usecase.go:50.2,50.22 1 0
ryanlawton.art/photospace/internal/api/photo/usecase/usecase.go:53.98,55.2 1 0
