mode: set
ryanlawton.art/photospace-api/cmd/api/main.go:11.13,12.38 1 0
ryanlawton.art/photospace-api/cmd/api/main.go:12.38,14.3 1 0
ryanlawton.art/photospace-api/cmd/api/main.go:16.2,20.57 3 0
ryanlawton.art/photospace-api/cmd/api/main.go:20.57,22.3 1 0
ryanlawton.art/photospace-api/auth/repository/mongo/user.go:22.79,26.2 1 0
ryanlawton.art/photospace-api/auth/repository/mongo/user.go:28.82,31.16 3 0
ryanlawton.art/photospace-api/auth/repository/mongo/user.go:31.16,33.3 1 0
ryanlawton.art/photospace-api/auth/repository/mongo/user.go:35.2,36.12 2 0
ryanlawton.art/photospace-api/auth/repository/mongo/user.go:39.103,46.16 3 0
ryanlawton.art/photospace-api/auth/repository/mongo/user.go:46.16,48.3 1 0
ryanlawton.art/photospace-api/auth/repository/mongo/user.go:50.2,50.27 1 0
ryanlawton.art/photospace-api/auth/repository/mongo/user.go:53.40,58.2 1 0
ryanlawton.art/photospace-api/auth/repository/mongo/user.go:60.36,66.2 1 0
ryanlawton.art/photospace-api/auth/repository/mock/user.go:14.84,18.2 2 0
ryanlawton.art/photospace-api/auth/repository/mock/user.go:20.105,24.2 2 0
ryanlawton.art/photospace-api/config/init.go:7.19,12.2 3 0
ryanlawton.art/photospace-api/server/app.go:34.20,49.2 4 0
ryanlawton.art/photospace-api/server/app.go:51.38,78.12 8 0
ryanlawton.art/photospace-api/server/app.go:78.12,79.55 1 0
ryanlawton.art/photospace-api/server/app.go:79.55,81.4 1 0
ryanlawton.art/photospace-api/server/app.go:84.2,92.35 6 0
ryanlawton.art/photospace-api/server/app.go:95.31,102.16 5 0
ryanlawton.art/photospace-api/server/app.go:102.16,104.3 1 0
ryanlawton.art/photospace-api/server/app.go:106.2,107.16 2 0
ryanlawton.art/photospace-api/server/app.go:107.16,109.3 1 0
ryanlawton.art/photospace-api/server/app.go:111.2,111.55 1 0
ryanlawton.art/photospace-api/photo/usecase/mock.go:14.116,18.2 2 0
ryanlawton.art/photospace-api/photo/usecase/mock.go:20.117,24.2 2 0
ryanlawton.art/photospace-api/photo/usecase/mock.go:26.102,30.2 2 0
ryanlawton.art/photospace-api/photo/usecase/usecase.go:14.64,18.2 1 0
ryanlawton.art/photospace-api/photo/usecase/usecase.go:20.112,27.2 2 0
ryanlawton.art/photospace-api/photo/usecase/usecase.go:29.113,34.2 2 0
ryanlawton.art/photospace-api/photo/usecase/usecase.go:36.98,38.2 1 0
ryanlawton.art/photospace-api/photo/repository/mongo/photo.go:32.81,35.22 2 0
ryanlawton.art/photospace-api/photo/repository/mongo/photo.go:35.22,37.3 1 0
ryanlawton.art/photospace-api/photo/repository/mongo/photo.go:39.2,41.3 1 0
ryanlawton.art/photospace-api/photo/repository/mongo/photo.go:45.104,53.16 5 0
ryanlawton.art/photospace-api/photo/repository/mongo/photo.go:53.16,56.3 2 0
ryanlawton.art/photospace-api/photo/repository/mongo/photo.go:58.2,62.16 4 0
ryanlawton.art/photospace-api/photo/repository/mongo/photo.go:62.16,64.3 1 0
ryanlawton.art/photospace-api/photo/repository/mongo/photo.go:66.2,69.12 3 0
ryanlawton.art/photospace-api/photo/repository/mongo/photo.go:73.120,79.16 4 0
ryanlawton.art/photospace-api/photo/repository/mongo/photo.go:79.16,81.3 1 0
ryanlawton.art/photospace-api/photo/repository/mongo/photo.go:83.2,87.20 3 0
ryanlawton.art/photospace-api/photo/repository/mongo/photo.go:87.20,89.17 2 0
ryanlawton.art/photospace-api/photo/repository/mongo/photo.go:89.17,92.4 2 0
ryanlawton.art/photospace-api/photo/repository/mongo/photo.go:95.2,95.23 1 0
ryanlawton.art/photospace-api/photo/repository/mongo/photo.go:99.103,103.16 3 0
ryanlawton.art/photospace-api/photo/repository/mongo/photo.go:103.16,105.3 1 0
ryanlawton.art/photospace-api/photo/repository/mongo/photo.go:107.2,111.20 3 0
ryanlawton.art/photospace-api/photo/repository/mongo/photo.go:111.20,114.17 3 0
ryanlawton.art/photospace-api/photo/repository/mongo/photo.go:114.17,117.4 2 0
ryanlawton.art/photospace-api/photo/repository/mongo/photo.go:119.3,119.46 1 0
ryanlawton.art/photospace-api/photo/repository/mongo/photo.go:122.2,122.22 1 0
ryanlawton.art/photospace-api/photo/repository/mongo/photo.go:125.38,135.2 4 0
ryanlawton.art/photospace-api/photo/repository/mongo/photo.go:137.47,139.16 2 0
ryanlawton.art/photospace-api/photo/repository/mongo/photo.go:139.16,142.3 2 0
ryanlawton.art/photospace-api/photo/repository/mongo/photo.go:143.2,147.16 3 0
ryanlawton.art/photospace-api/photo/repository/mongo/photo.go:147.16,150.3 2 0
ryanlawton.art/photospace-api/photo/repository/mongo/photo.go:152.2,161.8 3 0
ryanlawton.art/photospace-api/photo/repository/mongo/photo.go:164.55,170.16 5 0
ryanlawton.art/photospace-api/photo/repository/mongo/photo.go:170.16,172.3 1 0
ryanlawton.art/photospace-api/photo/repository/mongo/photo.go:174.2,176.76 2 0
ryanlawton.art/photospace-api/photo/repository/mongo/photo.go:176.76,178.3 1 0
ryanlawton.art/photospace-api/photo/repository/mongo/photo.go:180.2,180.21 1 0
ryanlawton.art/photospace-api/auth/repository/mock/user.go:14.84,18.2 2 1
ryanlawton.art/photospace-api/auth/repository/mock/user.go:20.105,24.2 2 1
ryanlawton.art/photospace-api/auth/usecase/mock.go:14.88,18.2 2 0
ryanlawton.art/photospace-api/auth/usecase/mock.go:20.98,24.2 2 0
ryanlawton.art/photospace-api/auth/usecase/mock.go:26.101,30.2 2 0
ryanlawton.art/photospace-api/auth/usecase/usecase.go:31.46,38.2 1 1
ryanlawton.art/photospace-api/auth/usecase/usecase.go:40.84,51.2 5 1
ryanlawton.art/photospace-api/auth/usecase/usecase.go:53.94,60.16 6 1
ryanlawton.art/photospace-api/auth/usecase/usecase.go:60.16,62.3 1 0
ryanlawton.art/photospace-api/auth/usecase/usecase.go:64.2,73.41 3 1
ryanlawton.art/photospace-api/auth/usecase/usecase.go:76.97,77.108 1 1
ryanlawton.art/photospace-api/auth/usecase/usecase.go:77.108,78.58 1 1
ryanlawton.art/photospace-api/auth/usecase/usecase.go:78.58,80.4 1 0
ryanlawton.art/photospace-api/auth/usecase/usecase.go:81.3,81.27 1 1
ryanlawton.art/photospace-api/auth/usecase/usecase.go:84.2,84.16 1 1
ryanlawton.art/photospace-api/auth/usecase/usecase.go:84.16,86.3 1 0
ryanlawton.art/photospace-api/auth/usecase/usecase.go:88.2,88.65 1 1
ryanlawton.art/photospace-api/auth/usecase/usecase.go:88.65,90.3 1 1
ryanlawton.art/photospace-api/auth/usecase/usecase.go:92.2,92.40 1 0
ryanlawton.art/photospace-api/auth/delivery/http/handler.go:14.48,18.2 1 1
ryanlawton.art/photospace-api/auth/delivery/http/handler.go:25.42,28.40 2 1
ryanlawton.art/photospace-api/auth/delivery/http/handler.go:28.40,31.3 2 0
ryanlawton.art/photospace-api/auth/delivery/http/handler.go:33.2,33.90 1 1
ryanlawton.art/photospace-api/auth/delivery/http/handler.go:33.90,36.3 2 0
ryanlawton.art/photospace-api/auth/delivery/http/handler.go:38.2,38.25 1 1
ryanlawton.art/photospace-api/auth/delivery/http/handler.go:45.42,48.40 2 1
ryanlawton.art/photospace-api/auth/delivery/http/handler.go:48.40,51.3 2 0
ryanlawton.art/photospace-api/auth/delivery/http/handler.go:53.2,54.16 2 1
ryanlawton.art/photospace-api/auth/delivery/http/handler.go:54.16,55.34 1 0
ryanlawton.art/photospace-api/auth/delivery/http/handler.go:55.34,58.4 2 0
ryanlawton.art/photospace-api/auth/delivery/http/handler.go:60.3,61.9 2 0
ryanlawton.art/photospace-api/auth/delivery/http/handler.go:64.2,64.53 1 1
ryanlawton.art/photospace-api/auth/delivery/http/middleware.go:15.62,19.2 1 1
ryanlawton.art/photospace-api/auth/delivery/http/middleware.go:21.49,23.22 2 1
ryanlawton.art/photospace-api/auth/delivery/http/middleware.go:23.22,26.3 2 1
ryanlawton.art/photospace-api/auth/delivery/http/middleware.go:28.2,29.27 2 1
ryanlawton.art/photospace-api/auth/delivery/http/middleware.go:29.27,32.3 2 0
ryanlawton.art/photospace-api/auth/delivery/http/middleware.go:34.2,34.32 1 1
ryanlawton.art/photospace-api/auth/delivery/http/middleware.go:34.32,37.3 2 0
ryanlawton.art/photospace-api/auth/delivery/http/middleware.go:39.2,40.16 2 1
ryanlawton.art/photospace-api/auth/delivery/http/middleware.go:40.16,42.40 2 1
ryanlawton.art/photospace-api/auth/delivery/http/middleware.go:42.40,44.4 1 1
ryanlawton.art/photospace-api/auth/delivery/http/middleware.go:46.3,47.9 2 1
ryanlawton.art/photospace-api/auth/delivery/http/middleware.go:50.2,50.30 1 1
ryanlawton.art/photospace-api/auth/delivery/http/register.go:8.65,12.2 3 1
ryanlawton.art/photospace-api/auth/delivery/http/register.go:12.2,15.3 2 1
ryanlawton.art/photospace-api/photo/delivery/http/handler.go:24.49,28.2 1 1
ryanlawton.art/photospace-api/photo/delivery/http/handler.go:34.42,38.16 3 1
ryanlawton.art/photospace-api/photo/delivery/http/handler.go:38.16,41.3 2 0
ryanlawton.art/photospace-api/photo/delivery/http/handler.go:43.2,48.16 4 1
ryanlawton.art/photospace-api/photo/delivery/http/handler.go:48.16,52.3 3 0
ryanlawton.art/photospace-api/photo/delivery/http/handler.go:54.2,54.79 1 1
ryanlawton.art/photospace-api/photo/delivery/http/handler.go:54.79,58.3 3 0
ryanlawton.art/photospace-api/photo/delivery/http/handler.go:60.2,60.62 1 1
ryanlawton.art/photospace-api/photo/delivery/http/handler.go:67.41,69.40 2 0
ryanlawton.art/photospace-api/photo/delivery/http/handler.go:69.40,72.3 2 0
ryanlawton.art/photospace-api/photo/delivery/http/handler.go:74.2,78.16 3 0
ryanlawton.art/photospace-api/photo/delivery/http/handler.go:78.16,81.3 2 0
ryanlawton.art/photospace-api/photo/delivery/http/handler.go:83.2,84.60 2 0
ryanlawton.art/photospace-api/photo/delivery/http/handler.go:87.47,91.16 3 0
ryanlawton.art/photospace-api/photo/delivery/http/handler.go:91.16,94.3 2 0
ryanlawton.art/photospace-api/photo/delivery/http/handler.go:96.2,96.48 1 0
ryanlawton.art/photospace-api/photo/delivery/http/register.go:8.71,12.2 3 1
ryanlawton.art/photospace-api/photo/delivery/http/register.go:12.2,17.3 3 1
ryanlawton.art/photospace-api/photo/usecase/mock.go:14.116,18.2 2 1
ryanlawton.art/photospace-api/photo/usecase/mock.go:20.117,24.2 2 0
ryanlawton.art/photospace-api/photo/usecase/mock.go:26.102,30.2 2 0
ryanlawton.art/photospace-api/photo/usecase/usecase.go:14.64,18.2 1 0
ryanlawton.art/photospace-api/photo/usecase/usecase.go:20.112,27.2 2 0
ryanlawton.art/photospace-api/photo/usecase/usecase.go:29.113,34.2 2 0
ryanlawton.art/photospace-api/photo/usecase/usecase.go:36.98,38.2 1 0
